<?xml version="1.0" encoding="UTF-8"?>
<!-- Generated by org.testng.reporters.JUnitReportReporter -->
<testsuite hostname="SHIVAB" failures="0" tests="1" name="com.test.tstng.TedtSlctdrpdown" time="28.083" errors="0" timestamp="2023-08-28T21:09:31 IST" skipped="0">
  <testcase classname="com.test.tstng.TedtSlctdrpdown" name="testOne" time="28.083"/>
</testsuite> <!-- com.test.tstng.TedtSlctdrpdown -->
