<?xml version="1.0" encoding="UTF-8"?>
<!-- Generated by org.testng.reporters.JUnitReportReporter -->
<testsuite hostname="SHIVAB" failures="0" tests="1" name="com.test.tstng.TestOne" time="0.010" errors="0" timestamp="2023-08-28T19:51:34 IST" skipped="0">
  <testcase classname="com.test.tstng.TestOne" name="display" time="0.010"/>
</testsuite> <!-- com.test.tstng.TestOne -->
