<?xml version="1.0" encoding="UTF-8"?>
<!-- Generated by org.testng.reporters.JUnitReportReporter -->
<testsuite hostname="SHIVAB" failures="0" tests="1" name="com.test.tstng.TestSelenumPlaygrnd" time="26.784" errors="0" timestamp="2023-08-28T20:03:48 IST" skipped="0">
  <testcase classname="com.test.tstng.TestSelenumPlaygrnd" name="testOne" time="26.784"/>
</testsuite> <!-- com.test.tstng.TestSelenumPlaygrnd -->
