<?xml version="1.0" encoding="UTF-8"?>
<!-- Generated by org.testng.reporters.JUnitReportReporter -->
<testsuite hostname="SHIVAB" failures="0" tests="2" name="com.test.tesngpractce.OrderAnnotaions" time="0.015" errors="0" timestamp="2023-09-08T11:55:18 IST" skipped="0">
  <testcase classname="com.test.tesngpractce.OrderAnnotaions" name="test1" time="0.012"/>
  <testcase classname="com.test.tesngpractce.OrderAnnotaions" name="test2" time="0.003"/>
</testsuite> <!-- com.test.tesngpractce.OrderAnnotaions -->
