<?xml version="1.0" encoding="UTF-8"?>
<!-- Generated by org.testng.reporters.JUnitReportReporter -->
<testsuite hostname="SHIVAB" failures="0" tests="2" name="com.test.tstng.TestDtaPrvdr" time="50.592" errors="0" timestamp="2023-08-28T20:31:39 IST" skipped="0">
  <testcase classname="com.test.tstng.TestDtaPrvdr" name="testOne" time="20.678"/>
  <testcase classname="com.test.tstng.TestDtaPrvdr" name="testOne" time="29.914"/>
</testsuite> <!-- com.test.tstng.TestDtaPrvdr -->
