<?xml version="1.0" encoding="UTF-8"?>
<!-- Generated by org.testng.reporters.JUnitReportReporter -->
<testsuite hostname="SHIVAB" failures="0" tests="1" name="com.test.tstng.Test1" time="41.649" errors="0" timestamp="2023-08-28T19:56:56 IST" skipped="0">
  <testcase classname="com.test.tstng.Test1" name="testOne" time="41.649"/>
</testsuite> <!-- com.test.tstng.Test1 -->
